[debug] > Exec(early(addDefaultCommands), None, None)
[debug] > Exec(addDefaultCommands, None, None)
[debug] > Exec(early(initialize), None, None)
[debug] > Exec(initialize, None, None)
[debug] > Exec(early(addPluginSbtFile="""C:\Users\lucas\AppData\Local\Temp\idea1.sbt"""), None, None)
[debug] > Exec(addPluginSbtFile="""C:\Users\lucas\AppData\Local\Temp\idea1.sbt""", None, None)
[debug] > Exec(boot, None, None)
[debug] > Exec(writeSbtVersion, None, None)
[debug] > Exec(reload, None, None)
[debug] > Exec(sbtStashOnFailure, None, None)
[debug] > Exec(onFailure loadFailed, None, None)
[debug] > Exec(loadp, None, None)
[info] welcome to sbt 1.10.1 (Oracle Corporation Java 1.8.0_401)
[debug] Load.defaultLoad until apply took 236.6326ms
[debug]           Load.loadUnit: plugins took 119.961ms
[debug]           Load.loadUnit: defsScala took 0.5746ms
[debug] [Loading] Scanning directory C:\Users\lucas\IdeaProjects\finalprojectv2-JiaJuinn\project
[debug]             Load.loadUnit: mkEval took 78.186ms
[debug] [Loading] Found non-root projects 
[debug] [Loading] Done in C:\Users\lucas\IdeaProjects\finalprojectv2-JiaJuinn\project, returning: ()
[debug] deducing auto plugins based on known facts Set(Atom(sbt.plugins.CorePlugin)) and clauses Clauses(Clause(Atom(sbt.plugins.JvmPlugin),Set(Atom(sbt.plugins.IvyPlugin)))
[debug] Clause(Atom(sbt.ScriptedPlugin),Set(Atom(sbt.plugins.JvmPlugin)))
[debug] Clause(Atom(sbt.plugins.SbtPlugin),Set(Atom(sbt.ScriptedPlugin)))
[debug] Clause(Atom(sbt.plugins.SemanticdbPlugin),Set(Atom(sbt.plugins.JvmPlugin)))
[debug] Clause(Atom(sbt.plugins.JUnitXmlReportPlugin),Set(Atom(sbt.plugins.JvmPlugin)))
[debug] Clause(Atom(sbt.plugins.MiniDependencyTreePlugin),Set(Atom(sbt.plugins.JvmPlugin)))
[debug] Clause(Atom(sbt.plugins.CorePlugin),Set(Atom(sbt.plugins.IvyPlugin)))
[debug] Clause(Atom(sbt.plugins.IvyPlugin),Set(Atom(sbt.plugins.JvmPlugin)))
[debug] Clause(Atom(sbt.plugins.JvmPlugin),Set(Atom(sbt.plugins.SemanticdbPlugin)))
[debug] Clause(Atom(sbt.plugins.JvmPlugin),Set(Atom(sbt.plugins.JUnitXmlReportPlugin)))
[debug] Clause(Atom(sbt.plugins.CorePlugin),Set(Atom(sbt.plugins.Giter8TemplatePlugin)))
[debug] Clause(Atom(sbt.plugins.JvmPlugin),Set(Atom(sbt.plugins.MiniDependencyTreePlugin))))
[debug]   :: deduced result: Matched(sbt.plugins.CorePlugin,sbt.plugins.Giter8TemplatePlugin,sbt.plugins.IvyPlugin,sbt.plugins.JvmPlugin,sbt.plugins.MiniDependencyTreePlugin,sbt.plugins.JUnitXmlReportPlugin,sbt.plugins.SemanticdbPlugin)
[debug] Plugins.deducer#function took 20.1964 ms
[info] loading settings for project finalprojectv2-jiajuinn-build from idea1.sbt ...
[debug]               Load.resolveProject(finalprojectv2-jiajuinn-build) took 51.9941ms
[debug]             Load.loadTransitive: finalizeProject(Project(id finalprojectv2-jiajuinn-build, base: C:\Users\lucas\IdeaProjects\finalprojectv2-JiaJuinn\project, plugins: List(<none>))) took 82.9461ms
[debug] [Loading] Done in C:\Users\lucas\IdeaProjects\finalprojectv2-JiaJuinn\project, returning: (finalprojectv2-jiajuinn-build)
[debug]           Load.loadUnit: loadedProjectsRaw took 2747.6672ms
[debug]           Load.loadUnit: cleanEvalClasses took 26.7729ms
[debug]         Load.loadUnit(file:/C:/Users/lucas/IdeaProjects/finalprojectv2-JiaJuinn/project/, ...) took 2902.2043ms
[debug]       Load.apply: load took 3014.8698ms
[debug]       Load.apply: resolveProjects took 5.0615ms
[debug]       Load.apply: finalTransforms took 52.5114ms
[debug]       Load.apply: config.delegates took 6.4001ms
[debug]       Load.apply: Def.make(settings)... took 384.9053ms
[debug]       Load.apply: structureIndex took 106.0402ms
[debug]       Load.apply: mkStreams took 2.1177ms
[info] loading project definition from C:\Users\lucas\IdeaProjects\finalprojectv2-JiaJuinn\project
[debug] Running task... Cancel: Signal, check cycles: false, forcegc: true
[debug]     Load.loadUnit: plugins took 5715.4587ms
[debug]     Load.loadUnit: defsScala took 0.0023ms
[debug] [Loading] Scanning directory C:\Users\lucas\IdeaProjects\finalprojectv2-JiaJuinn
[debug]       Load.loadUnit: mkEval took 0.2732ms
[debug] [Loading] Found root project root w/ remaining 
[debug] deducing auto plugins based on known facts Set(Atom(sbt.plugins.CorePlugin)) and clauses Clauses(Clause(Atom(sbt.plugins.JvmPlugin),Set(Atom(sbt.plugins.IvyPlugin)))
[debug] Clause(Atom(sbt.ScriptedPlugin),Set(Atom(sbt.plugins.JvmPlugin)))
[debug] Clause(Atom(sbt.plugins.SbtPlugin),Set(Atom(sbt.ScriptedPlugin)))
[debug] Clause(Atom(sbt.plugins.SemanticdbPlugin),Set(Atom(sbt.plugins.JvmPlugin)))
[debug] Clause(Atom(sbt.plugins.JUnitXmlReportPlugin),Set(Atom(sbt.plugins.JvmPlugin)))
[debug] Clause(Atom(sbt.plugins.MiniDependencyTreePlugin),Set(Atom(sbt.plugins.JvmPlugin)))
[debug] Clause(Atom(org.jetbrains.sbt.StructurePlugin),Set(Atom(sbt.plugins.JvmPlugin)))
[debug] Clause(Atom(org.jetbrains.sbt.IdeaShellPlugin),Set(Atom(sbt.plugins.JvmPlugin)))
[debug] Clause(Atom(org.jetbrains.sbt.indices.SbtIntellijIndicesPlugin),Set(Atom(sbt.plugins.JvmPlugin)))
[debug] Clause(Atom(sbt.plugins.CorePlugin),Set(Atom(sbt.plugins.IvyPlugin)))
[debug] Clause(Atom(sbt.plugins.IvyPlugin),Set(Atom(sbt.plugins.JvmPlugin)))
[debug] Clause(Atom(sbt.plugins.JvmPlugin),Set(Atom(sbt.plugins.SemanticdbPlugin)))
[debug] Clause(Atom(sbt.plugins.JvmPlugin),Set(Atom(sbt.plugins.JUnitXmlReportPlugin)))
[debug] Clause(Atom(sbt.plugins.CorePlugin),Set(Atom(sbt.plugins.Giter8TemplatePlugin)))
[debug] Clause(Atom(sbt.plugins.JvmPlugin),Set(Atom(sbt.plugins.MiniDependencyTreePlugin)))
[debug] Clause(Atom(sbt.plugins.JvmPlugin),Set(Atom(org.jetbrains.sbt.StructurePlugin)))
[debug] Clause(Atom(sbt.plugins.JvmPlugin),Set(Atom(org.jetbrains.sbt.IdeaShellPlugin)))
[debug] Clause(And(Set(Atom(sbt.plugins.CorePlugin), Atom(sbt.plugins.JvmPlugin))),Set(Atom(org.jetbrains.sbt.indices.SbtIntellijIndicesPlugin))))
[debug]   :: deduced result: Matched(sbt.plugins.CorePlugin,sbt.plugins.Giter8TemplatePlugin,sbt.plugins.IvyPlugin,sbt.plugins.JvmPlugin,sbt.plugins.SemanticdbPlugin,org.jetbrains.sbt.indices.SbtIntellijIndicesPlugin,sbt.plugins.JUnitXmlReportPlugin,org.jetbrains.sbt.IdeaShellPlugin,org.jetbrains.sbt.StructurePlugin,sbt.plugins.MiniDependencyTreePlugin)
[debug] Plugins.deducer#function took 3.0057 ms
[info] loading settings for project root from build.sbt ...
[debug]         Load.resolveProject(root) took 36.2203ms
[debug]       Load.loadTransitive: finalizeProject(Project(id root, base: C:\Users\lucas\IdeaProjects\finalprojectv2-JiaJuinn, plugins: List(<none>))) took 41.4751ms
[debug] [Loading] Done in C:\Users\lucas\IdeaProjects\finalprojectv2-JiaJuinn, returning: (root)
[debug]     Load.loadUnit: loadedProjectsRaw took 1272.7091ms
[debug]     Load.loadUnit: cleanEvalClasses took 12.5496ms
[debug]   Load.loadUnit(file:/C:/Users/lucas/IdeaProjects/finalprojectv2-JiaJuinn/, ...) took 7001.9665ms
[debug] Load.apply: load took 7029.0731ms
[debug] Load.apply: resolveProjects took 0.177ms
[debug] Load.apply: finalTransforms took 36.3937ms
[debug] Load.apply: config.delegates took 0.4526ms
[debug] Load.apply: Def.make(settings)... took 106.1906ms
[debug] Load.apply: structureIndex took 23.5756ms
[debug] Load.apply: mkStreams took 0.0026ms
[info] set current project to finalprojectv2-JiaJuinn (in build file:/C:/Users/lucas/IdeaProjects/finalprojectv2-JiaJuinn/)
[debug] > Exec(sbtPopOnFailure, None, None)
[debug] > Exec(resumeFromFailure, None, None)
[debug] > Exec(notifyUsersAboutShell, None, None)
[debug] > Exec(iflast shell, None, None)
[debug] > Exec(; set ideaPort in Global := 54213 ; idea-shell, None, None)
[debug] > Exec(set ideaPort in Global := 54213, None, None)
[info] Defining Global / ideaPort
[info] The new value will be used by Compile / compile, Test / compile
[debug] Defining 
[debug] 	Global / ideaPort
[debug] 
[debug] The new value will be used by 
[debug] 	Compile / compile
[debug] 	Test / compile
[info] Reapplying settings...
[info] set current project to finalprojectv2-JiaJuinn (in build file:/C:/Users/lucas/IdeaProjects/finalprojectv2-JiaJuinn/)
[debug] > Exec(idea-shell, None, None)
