[debug] > Exec(early(addDefaultCommands), None, None)
[debug] > Exec(addDefaultCommands, None, None)
[debug] > Exec(early(initialize), None, None)
[debug] > Exec(initialize, None, None)
[debug] > Exec(early(addPluginSbtFile="""C:\Users\lucas\AppData\Local\Temp\idea.sbt"""), None, None)
[debug] > Exec(addPluginSbtFile="""C:\Users\lucas\AppData\Local\Temp\idea.sbt""", None, None)
[debug] > Exec(boot, None, None)
[debug] > Exec(writeSbtVersion, None, None)
[debug] > Exec(reload, None, None)
[debug] > Exec(sbtStashOnFailure, None, None)
[debug] > Exec(onFailure loadFailed, None, None)
[debug] > Exec(loadp, None, None)
[info] welcome to sbt 1.10.1 (Oracle Corporation Java 1.8.0_401)
[debug] Load.defaultLoad until apply took 139.2517ms
[debug]           Load.loadUnit: plugins took 115.262ms
[debug]           Load.loadUnit: defsScala took 0.3104ms
[debug] [Loading] Scanning directory C:\Users\lucas\IdeaProjects\Final\project
[debug]             Load.loadUnit: mkEval took 9.2778ms
[debug] [Loading] Found non-root projects 
[debug] [Loading] Done in C:\Users\lucas\IdeaProjects\Final\project, returning: ()
[debug] deducing auto plugins based on known facts Set(Atom(sbt.plugins.CorePlugin)) and clauses Clauses(Clause(Atom(sbt.plugins.JvmPlugin),Set(Atom(sbt.plugins.IvyPlugin)))
[debug] Clause(Atom(sbt.ScriptedPlugin),Set(Atom(sbt.plugins.JvmPlugin)))
[debug] Clause(Atom(sbt.plugins.SbtPlugin),Set(Atom(sbt.ScriptedPlugin)))
[debug] Clause(Atom(sbt.plugins.SemanticdbPlugin),Set(Atom(sbt.plugins.JvmPlugin)))
[debug] Clause(Atom(sbt.plugins.JUnitXmlReportPlugin),Set(Atom(sbt.plugins.JvmPlugin)))
[debug] Clause(Atom(sbt.plugins.MiniDependencyTreePlugin),Set(Atom(sbt.plugins.JvmPlugin)))
[debug] Clause(Atom(sbt.plugins.CorePlugin),Set(Atom(sbt.plugins.IvyPlugin)))
[debug] Clause(Atom(sbt.plugins.IvyPlugin),Set(Atom(sbt.plugins.JvmPlugin)))
[debug] Clause(Atom(sbt.plugins.JvmPlugin),Set(Atom(sbt.plugins.SemanticdbPlugin)))
[debug] Clause(Atom(sbt.plugins.JvmPlugin),Set(Atom(sbt.plugins.JUnitXmlReportPlugin)))
[debug] Clause(Atom(sbt.plugins.CorePlugin),Set(Atom(sbt.plugins.Giter8TemplatePlugin)))
[debug] Clause(Atom(sbt.plugins.JvmPlugin),Set(Atom(sbt.plugins.MiniDependencyTreePlugin))))
[debug]   :: deduced result: Matched(sbt.plugins.CorePlugin,sbt.plugins.Giter8TemplatePlugin,sbt.plugins.IvyPlugin,sbt.plugins.JvmPlugin,sbt.plugins.MiniDependencyTreePlugin,sbt.plugins.JUnitXmlReportPlugin,sbt.plugins.SemanticdbPlugin)
[debug] Plugins.deducer#function took 23.2762 ms
[info] loading settings for project final-build from idea.sbt ...
[debug]               Load.resolveProject(final-build) took 62.4767ms
[debug]             Load.loadTransitive: finalizeProject(Project(id final-build, base: C:\Users\lucas\IdeaProjects\Final\project, plugins: List(<none>))) took 100.5362ms
[debug] [Loading] Done in C:\Users\lucas\IdeaProjects\Final\project, returning: (final-build)
[debug]           Load.loadUnit: loadedProjectsRaw took 3069.2432ms
[debug]           Load.loadUnit: cleanEvalClasses took 14.732ms
[debug]         Load.loadUnit(file:/C:/Users/lucas/IdeaProjects/Final/project/, ...) took 3205.3914ms
[debug]       Load.apply: load took 3376.5026ms
[debug]       Load.apply: resolveProjects took 7.5539ms
[debug]       Load.apply: finalTransforms took 73.2928ms
[debug]       Load.apply: config.delegates took 10.7188ms
[debug]       Load.apply: Def.make(settings)... took 509.699ms
[debug]       Load.apply: structureIndex took 99.3053ms
[debug]       Load.apply: mkStreams took 1.551ms
[info] loading project definition from C:\Users\lucas\IdeaProjects\Final\project
[debug] Running task... Cancel: Signal, check cycles: false, forcegc: true
[debug]     Load.loadUnit: plugins took 6454.637ms
[debug]     Load.loadUnit: defsScala took 0.0063ms
[debug] [Loading] Scanning directory C:\Users\lucas\IdeaProjects\Final
[debug]       Load.loadUnit: mkEval took 0.3976ms
[debug] [Loading] Found root project root w/ remaining 
[debug] deducing auto plugins based on known facts Set(Atom(sbt.plugins.CorePlugin)) and clauses Clauses(Clause(Atom(sbt.plugins.JvmPlugin),Set(Atom(sbt.plugins.IvyPlugin)))
[debug] Clause(Atom(sbt.ScriptedPlugin),Set(Atom(sbt.plugins.JvmPlugin)))
[debug] Clause(Atom(sbt.plugins.SbtPlugin),Set(Atom(sbt.ScriptedPlugin)))
[debug] Clause(Atom(sbt.plugins.SemanticdbPlugin),Set(Atom(sbt.plugins.JvmPlugin)))
[debug] Clause(Atom(sbt.plugins.JUnitXmlReportPlugin),Set(Atom(sbt.plugins.JvmPlugin)))
[debug] Clause(Atom(sbt.plugins.MiniDependencyTreePlugin),Set(Atom(sbt.plugins.JvmPlugin)))
[debug] Clause(Atom(org.jetbrains.sbt.StructurePlugin),Set(Atom(sbt.plugins.JvmPlugin)))
[debug] Clause(Atom(org.jetbrains.sbt.IdeaShellPlugin),Set(Atom(sbt.plugins.JvmPlugin)))
[debug] Clause(Atom(org.jetbrains.sbt.indices.SbtIntellijIndicesPlugin),Set(Atom(sbt.plugins.JvmPlugin)))
[debug] Clause(Atom(sbt.plugins.CorePlugin),Set(Atom(sbt.plugins.IvyPlugin)))
[debug] Clause(Atom(sbt.plugins.IvyPlugin),Set(Atom(sbt.plugins.JvmPlugin)))
[debug] Clause(Atom(sbt.plugins.JvmPlugin),Set(Atom(sbt.plugins.SemanticdbPlugin)))
[debug] Clause(Atom(sbt.plugins.JvmPlugin),Set(Atom(sbt.plugins.JUnitXmlReportPlugin)))
[debug] Clause(Atom(sbt.plugins.CorePlugin),Set(Atom(sbt.plugins.Giter8TemplatePlugin)))
[debug] Clause(Atom(sbt.plugins.JvmPlugin),Set(Atom(sbt.plugins.MiniDependencyTreePlugin)))
[debug] Clause(Atom(sbt.plugins.JvmPlugin),Set(Atom(org.jetbrains.sbt.StructurePlugin)))
[debug] Clause(Atom(sbt.plugins.JvmPlugin),Set(Atom(org.jetbrains.sbt.IdeaShellPlugin)))
[debug] Clause(And(Set(Atom(sbt.plugins.CorePlugin), Atom(sbt.plugins.JvmPlugin))),Set(Atom(org.jetbrains.sbt.indices.SbtIntellijIndicesPlugin))))
[debug]   :: deduced result: Matched(sbt.plugins.CorePlugin,sbt.plugins.Giter8TemplatePlugin,sbt.plugins.IvyPlugin,sbt.plugins.JvmPlugin,sbt.plugins.SemanticdbPlugin,org.jetbrains.sbt.indices.SbtIntellijIndicesPlugin,sbt.plugins.JUnitXmlReportPlugin,org.jetbrains.sbt.IdeaShellPlugin,org.jetbrains.sbt.StructurePlugin,sbt.plugins.MiniDependencyTreePlugin)
[debug] Plugins.deducer#function took 3.3021 ms
[info] loading settings for project root from build.sbt ...
[debug]         Load.resolveProject(root) took 50.834ms
[debug]       Load.loadTransitive: finalizeProject(Project(id root, base: C:\Users\lucas\IdeaProjects\Final, plugins: List(<none>))) took 56.336ms
[debug] [Loading] Done in C:\Users\lucas\IdeaProjects\Final, returning: (root)
[debug]     Load.loadUnit: loadedProjectsRaw took 1353.6598ms
[debug]     Load.loadUnit: cleanEvalClasses took 7.794ms
[debug]   Load.loadUnit(file:/C:/Users/lucas/IdeaProjects/Final/, ...) took 7817.448ms
[debug] Load.apply: load took 7842.4905ms
[debug] Load.apply: resolveProjects took 0.1245ms
[debug] Load.apply: finalTransforms took 39.5182ms
[debug] Load.apply: config.delegates took 0.6565ms
[debug] Load.apply: Def.make(settings)... took 94.5922ms
[debug] Load.apply: structureIndex took 27.3453ms
[debug] Load.apply: mkStreams took 0.0032ms
[info] set current project to Final (in build file:/C:/Users/lucas/IdeaProjects/Final/)
[debug] > Exec(sbtPopOnFailure, None, None)
[debug] > Exec(resumeFromFailure, None, None)
[debug] > Exec(notifyUsersAboutShell, None, None)
[debug] > Exec(iflast shell, None, None)
[debug] > Exec(; set ideaPort in Global := 56272 ; idea-shell, None, None)
[debug] > Exec(set ideaPort in Global := 56272, None, None)
[info] Defining Global / ideaPort
[info] The new value will be used by Compile / compile, Test / compile
[debug] Defining 
[debug] 	Global / ideaPort
[debug] 
[debug] The new value will be used by 
[debug] 	Compile / compile
[debug] 	Test / compile
[info] Reapplying settings...
[info] set current project to Final (in build file:/C:/Users/lucas/IdeaProjects/Final/)
[debug] > Exec(idea-shell, None, None)
