[debug] > Exec(early(addDefaultCommands), None, None)
[debug] > Exec(addDefaultCommands, None, None)
[debug] > Exec(early(initialize), None, None)
[debug] > Exec(initialize, None, None)
[debug] > Exec(early(addPluginSbtFile="""C:\Users\lucas\AppData\Local\Temp\idea1.sbt"""), None, None)
[debug] > Exec(addPluginSbtFile="""C:\Users\lucas\AppData\Local\Temp\idea1.sbt""", None, None)
[debug] > Exec(boot, None, None)
[debug] > Exec(writeSbtVersion, None, None)
[debug] > Exec(reload, None, None)
[debug] > Exec(sbtStashOnFailure, None, None)
[debug] > Exec(onFailure loadFailed, None, None)
[debug] > Exec(loadp, None, None)
[info] welcome to sbt 1.10.1 (Oracle Corporation Java 1.8.0_401)
[debug] Load.defaultLoad until apply took 115.1173ms
[debug]           Load.loadUnit: plugins took 106.3999ms
[debug]           Load.loadUnit: defsScala took 0.4999ms
[debug] [Loading] Scanning directory C:\Users\lucas\IdeaProjects\Final\project
[debug]             Load.loadUnit: mkEval took 8.0714ms
[debug] [Loading] Found non-root projects 
[debug] [Loading] Done in C:\Users\lucas\IdeaProjects\Final\project, returning: ()
[debug] deducing auto plugins based on known facts Set(Atom(sbt.plugins.CorePlugin)) and clauses Clauses(Clause(Atom(sbt.plugins.JvmPlugin),Set(Atom(sbt.plugins.IvyPlugin)))
[debug] Clause(Atom(sbt.ScriptedPlugin),Set(Atom(sbt.plugins.JvmPlugin)))
[debug] Clause(Atom(sbt.plugins.SbtPlugin),Set(Atom(sbt.ScriptedPlugin)))
[debug] Clause(Atom(sbt.plugins.SemanticdbPlugin),Set(Atom(sbt.plugins.JvmPlugin)))
[debug] Clause(Atom(sbt.plugins.JUnitXmlReportPlugin),Set(Atom(sbt.plugins.JvmPlugin)))
[debug] Clause(Atom(sbt.plugins.MiniDependencyTreePlugin),Set(Atom(sbt.plugins.JvmPlugin)))
[debug] Clause(Atom(sbt.plugins.CorePlugin),Set(Atom(sbt.plugins.IvyPlugin)))
[debug] Clause(Atom(sbt.plugins.IvyPlugin),Set(Atom(sbt.plugins.JvmPlugin)))
[debug] Clause(Atom(sbt.plugins.JvmPlugin),Set(Atom(sbt.plugins.SemanticdbPlugin)))
[debug] Clause(Atom(sbt.plugins.JvmPlugin),Set(Atom(sbt.plugins.JUnitXmlReportPlugin)))
[debug] Clause(Atom(sbt.plugins.CorePlugin),Set(Atom(sbt.plugins.Giter8TemplatePlugin)))
[debug] Clause(Atom(sbt.plugins.JvmPlugin),Set(Atom(sbt.plugins.MiniDependencyTreePlugin))))
[debug]   :: deduced result: Matched(sbt.plugins.CorePlugin,sbt.plugins.Giter8TemplatePlugin,sbt.plugins.IvyPlugin,sbt.plugins.JvmPlugin,sbt.plugins.MiniDependencyTreePlugin,sbt.plugins.JUnitXmlReportPlugin,sbt.plugins.SemanticdbPlugin)
[debug] Plugins.deducer#function took 17.3095 ms
[info] loading settings for project final-build from idea1.sbt ...
[debug]               Load.resolveProject(final-build) took 44.2718ms
[debug]             Load.loadTransitive: finalizeProject(Project(id final-build, base: C:\Users\lucas\IdeaProjects\Final\project, plugins: List(<none>))) took 84.6278ms
[debug] [Loading] Done in C:\Users\lucas\IdeaProjects\Final\project, returning: (final-build)
[debug]           Load.loadUnit: loadedProjectsRaw took 426.3139ms
[debug]           Load.loadUnit: cleanEvalClasses took 7.741ms
[debug]         Load.loadUnit(file:/C:/Users/lucas/IdeaProjects/Final/project/, ...) took 547.6584ms
[debug]       Load.apply: load took 646.8826ms
[debug]       Load.apply: resolveProjects took 4.8151ms
[debug]       Load.apply: finalTransforms took 48.8661ms
[debug]       Load.apply: config.delegates took 8.3454ms
[debug]       Load.apply: Def.make(settings)... took 348.8851ms
[debug]       Load.apply: structureIndex took 86.2659ms
[debug]       Load.apply: mkStreams took 1.8888ms
[info] loading project definition from C:\Users\lucas\IdeaProjects\Final\project
[debug] Running task... Cancel: Signal, check cycles: false, forcegc: true
[debug]     Load.loadUnit: plugins took 2803.4028ms
[debug]     Load.loadUnit: defsScala took 0.0024ms
[debug] [Loading] Scanning directory C:\Users\lucas\IdeaProjects\Final
[debug]       Load.loadUnit: mkEval took 0.2773ms
[debug] [Loading] Found root project root w/ remaining 
[debug] deducing auto plugins based on known facts Set(Atom(sbt.plugins.CorePlugin)) and clauses Clauses(Clause(Atom(sbt.plugins.JvmPlugin),Set(Atom(sbt.plugins.IvyPlugin)))
[debug] Clause(Atom(sbt.ScriptedPlugin),Set(Atom(sbt.plugins.JvmPlugin)))
[debug] Clause(Atom(sbt.plugins.SbtPlugin),Set(Atom(sbt.ScriptedPlugin)))
[debug] Clause(Atom(sbt.plugins.SemanticdbPlugin),Set(Atom(sbt.plugins.JvmPlugin)))
[debug] Clause(Atom(sbt.plugins.JUnitXmlReportPlugin),Set(Atom(sbt.plugins.JvmPlugin)))
[debug] Clause(Atom(sbt.plugins.MiniDependencyTreePlugin),Set(Atom(sbt.plugins.JvmPlugin)))
[debug] Clause(Atom(org.jetbrains.sbt.StructurePlugin),Set(Atom(sbt.plugins.JvmPlugin)))
[debug] Clause(Atom(org.jetbrains.sbt.IdeaShellPlugin),Set(Atom(sbt.plugins.JvmPlugin)))
[debug] Clause(Atom(org.jetbrains.sbt.indices.SbtIntellijIndicesPlugin),Set(Atom(sbt.plugins.JvmPlugin)))
[debug] Clause(Atom(sbt.plugins.CorePlugin),Set(Atom(sbt.plugins.IvyPlugin)))
[debug] Clause(Atom(sbt.plugins.IvyPlugin),Set(Atom(sbt.plugins.JvmPlugin)))
[debug] Clause(Atom(sbt.plugins.JvmPlugin),Set(Atom(sbt.plugins.SemanticdbPlugin)))
[debug] Clause(Atom(sbt.plugins.JvmPlugin),Set(Atom(sbt.plugins.JUnitXmlReportPlugin)))
[debug] Clause(Atom(sbt.plugins.CorePlugin),Set(Atom(sbt.plugins.Giter8TemplatePlugin)))
[debug] Clause(Atom(sbt.plugins.JvmPlugin),Set(Atom(sbt.plugins.MiniDependencyTreePlugin)))
[debug] Clause(Atom(sbt.plugins.JvmPlugin),Set(Atom(org.jetbrains.sbt.StructurePlugin)))
[debug] Clause(Atom(sbt.plugins.JvmPlugin),Set(Atom(org.jetbrains.sbt.IdeaShellPlugin)))
[debug] Clause(And(Set(Atom(sbt.plugins.CorePlugin), Atom(sbt.plugins.JvmPlugin))),Set(Atom(org.jetbrains.sbt.indices.SbtIntellijIndicesPlugin))))
[debug]   :: deduced result: Matched(sbt.plugins.CorePlugin,sbt.plugins.Giter8TemplatePlugin,sbt.plugins.IvyPlugin,sbt.plugins.JvmPlugin,sbt.plugins.SemanticdbPlugin,org.jetbrains.sbt.indices.SbtIntellijIndicesPlugin,sbt.plugins.JUnitXmlReportPlugin,org.jetbrains.sbt.IdeaShellPlugin,org.jetbrains.sbt.StructurePlugin,sbt.plugins.MiniDependencyTreePlugin)
[debug] Plugins.deducer#function took 2.5761 ms
[info] loading settings for project root from build.sbt ...
[debug]         Load.resolveProject(root) took 30.216ms
[debug]       Load.loadTransitive: finalizeProject(Project(id root, base: C:\Users\lucas\IdeaProjects\Final, plugins: List(<none>))) took 35.1762ms
[debug] [Loading] Done in C:\Users\lucas\IdeaProjects\Final, returning: (root)
[debug]     Load.loadUnit: loadedProjectsRaw took 2655.3262ms
[debug]     Load.loadUnit: cleanEvalClasses took 8.7589ms
[debug]   Load.loadUnit(file:/C:/Users/lucas/IdeaProjects/Final/, ...) took 5468.685ms
[debug] Load.apply: load took 5486.1526ms
[debug] Load.apply: resolveProjects took 0.1122ms
[debug] Load.apply: finalTransforms took 21.7136ms
[debug] Load.apply: config.delegates took 0.6876ms
[debug] Load.apply: Def.make(settings)... took 95.4207ms
[debug] Load.apply: structureIndex took 24.594ms
[debug] Load.apply: mkStreams took 0.0024ms
[info] set current project to Final (in build file:/C:/Users/lucas/IdeaProjects/Final/)
[debug] > Exec(sbtPopOnFailure, None, None)
[debug] > Exec(resumeFromFailure, None, None)
[debug] > Exec(notifyUsersAboutShell, None, None)
[debug] > Exec(iflast shell, None, None)
[debug] > Exec(; set ideaPort in Global := 60604 ; idea-shell, None, None)
[debug] > Exec(set ideaPort in Global := 60604, None, None)
[info] Defining Global / ideaPort
[info] The new value will be used by Compile / compile, Test / compile
[debug] Defining 
[debug] 	Global / ideaPort
[debug] 
[debug] The new value will be used by 
[debug] 	Compile / compile
[debug] 	Test / compile
[info] Reapplying settings...
[info] set current project to Final (in build file:/C:/Users/lucas/IdeaProjects/Final/)
[debug] > Exec(idea-shell, None, None)
